Good evening Dave,  
last action : 2018-03-13 16:44:27.903000 :  
no key to parse : config 
last action : 2018-03-13 16:44:49.293000 :  
no key to parse : Neopixel 
last action : 2018-03-13 16:44:49.524000 :  
no key to parse : chatbot 
last action : 2018-03-13 16:44:57.886000 :  
no key to parse : pir 
last action : 2018-03-13 16:44:58.080000 :  
no key to parse : opencv 
last action : 2018-03-13 16:45:01.853000 :  
no key to parse : openni 
last action : 2018-03-13 16:45:03.180000 :  
no key to parse : torso 
last action : 2018-03-13 16:45:03.380000 :  
no key to parse : leftArm 
last action : 2018-03-13 16:45:05.846000 :  
no key to parse : eyeLids 
last action : 2018-03-13 16:45:06.034000 :  
no key to parse : lefthand 
last action : 2018-03-13 16:45:08.198000 :  
no key to parse : rightArm 
last action : 2018-03-13 16:45:10.758000 :  
no key to parse : head 
last action : 2018-03-13 16:45:12.525000 :  
no key to parse : rightHand 
last action : 2018-03-13 16:45:15.764000 :  
no key to parse : inmoovlife 
